[2026-02-03T14:53:38.925Z] [AUTH] Verifying token for: GET /api/users
[2026-02-03T14:53:38.928Z] [AUTH] Success. User: 6982063a0ae85a7ba52da202, Role: admin
[2026-02-03T14:53:39.033Z] [AUTH] Verifying token for: GET /api/users
[2026-02-03T14:53:39.035Z] [AUTH] Success. User: 6982063a0ae85a7ba52da202, Role: admin
[2026-02-03T14:54:09.765Z] [AUTH] Verifying token for: GET /api/users
[2026-02-03T14:54:09.767Z] [AUTH] Success. User: 6982063a0ae85a7ba52da202, Role: admin
[2026-02-03T14:54:09.862Z] [AUTH] Verifying token for: GET /api/users
[2026-02-03T14:54:09.864Z] [AUTH] Success. User: 6982063a0ae85a7ba52da202, Role: admin
[2026-02-03T14:54:11.436Z] [AUTH] Verifying token for: GET /api/users
[2026-02-03T14:54:11.438Z] [AUTH] Success. User: 6982063a0ae85a7ba52da202, Role: admin
[2026-02-03T14:54:11.639Z] [AUTH] Verifying token for: GET /api/users
[2026-02-03T14:54:11.641Z] [AUTH] Success. User: 6982063a0ae85a7ba52da202, Role: admin
[2026-02-03T14:54:26.954Z] [AUTH] Verifying token for: GET /api/users
[2026-02-03T14:54:26.956Z] [AUTH] Success. User: 6982063a0ae85a7ba52da202, Role: admin
[2026-02-03T14:54:45.091Z] [AUTH] Verifying token for: GET /api/users
[2026-02-03T14:54:45.092Z] [AUTH] Success. User: 6982063a0ae85a7ba52da202, Role: admin
[2026-02-03T14:56:33.962Z] [AUTH] Verifying token for: GET /api/users
[2026-02-03T14:56:33.970Z] [AUTH] Success. User: 6982063a0ae85a7ba52da202, Role: admin
[2026-02-03T14:56:44.672Z] [AUTH] Verifying token for: DELETE /api/users/6981f7377b98d0238a646e80
[2026-02-03T14:56:44.674Z] [AUTH] Success. User: 6982063a0ae85a7ba52da202, Role: admin
[2026-02-03T14:56:44.675Z] [DELETE USER] Request received for ID: 6981f7377b98d0238a646e80
[2026-02-03T14:56:44.676Z] [DELETE USER] Admin ID: 6982063a0ae85a7ba52da202, Role: admin
[2026-02-03T14:56:44.710Z] [DELETE USER] User deleted from DB. Creating AuditLog...
[2026-02-03T14:56:44.753Z] [DELETE USER] AuditLog created successfully.
[2026-02-03T14:56:44.754Z] [DELETE USER] Success - Sending 200
[2026-02-03T14:57:03.072Z] [AUTH] Verifying token for: GET /api/users/6982063a0ae85a7ba52da202
[2026-02-03T14:57:03.073Z] [AUTH] Success. User: 6982063a0ae85a7ba52da202, Role: admin
[2026-02-03T14:57:03.133Z] [AUTH] Verifying token for: GET /api/users/6982063a0ae85a7ba52da202
[2026-02-03T14:57:03.135Z] [AUTH] Success. User: 6982063a0ae85a7ba52da202, Role: admin
[2026-02-03T14:57:04.427Z] [AUTH] Verifying token for: GET /api/users
[2026-02-03T14:57:04.428Z] [AUTH] Success. User: 6982063a0ae85a7ba52da202, Role: admin
[2026-02-03T14:57:04.534Z] [AUTH] Verifying token for: GET /api/users
[2026-02-03T14:57:04.536Z] [AUTH] Success. User: 6982063a0ae85a7ba52da202, Role: admin
[2026-02-03T14:57:05.716Z] [AUTH] Verifying token for: GET /api/auditlogs
[2026-02-03T14:57:05.719Z] [AUTH] Success. User: 6982063a0ae85a7ba52da202, Role: admin
[2026-02-03T14:57:05.809Z] [AUTH] Verifying token for: GET /api/auditlogs
[2026-02-03T14:57:05.811Z] [AUTH] Success. User: 6982063a0ae85a7ba52da202, Role: admin
[2026-02-03T14:57:35.022Z] [AUTH] Verifying token for: GET /api/users
[2026-02-03T14:57:35.025Z] [AUTH] Success. User: 6982063a0ae85a7ba52da202, Role: admin
[2026-02-03T14:57:35.105Z] [AUTH] Verifying token for: GET /api/users
[2026-02-03T14:57:35.108Z] [AUTH] Success. User: 6982063a0ae85a7ba52da202, Role: admin
[2026-02-03T14:58:01.871Z] [AUTH] Verifying token for: GET /api/users
[2026-02-03T14:58:01.872Z] [AUTH] Success. User: 6981ea805938f8d6afa97e01, Role: admin
[2026-02-03T14:58:01.964Z] [AUTH] Verifying token for: GET /api/users
[2026-02-03T14:58:01.965Z] [AUTH] Success. User: 6981ea805938f8d6afa97e01, Role: admin
[2026-02-03T14:58:27.823Z] [AUTH] Verifying token for: POST /api/users
[2026-02-03T14:58:27.824Z] [AUTH] Success. User: 6981ea805938f8d6afa97e01, Role: admin
[2026-02-03T14:58:36.179Z] [AUTH] Verifying token for: POST /api/users
[2026-02-03T14:58:36.180Z] [AUTH] Success. User: 6981ea805938f8d6afa97e01, Role: admin
[2026-02-03T14:58:36.271Z] [AUTH] Verifying token for: GET /api/users
[2026-02-03T14:58:36.272Z] [AUTH] Success. User: 6981ea805938f8d6afa97e01, Role: admin
[2026-02-03T14:58:53.360Z] [AUTH] Verifying token for: POST /api/users
[2026-02-03T14:58:53.362Z] [AUTH] Success. User: 6981ea805938f8d6afa97e01, Role: admin
[2026-02-03T14:58:53.444Z] [AUTH] Verifying token for: GET /api/users
[2026-02-03T14:58:53.445Z] [AUTH] Success. User: 6981ea805938f8d6afa97e01, Role: admin
[2026-02-03T14:59:23.135Z] [AUTH] Verifying token for: POST /api/users
[2026-02-03T14:59:23.137Z] [AUTH] Success. User: 6981ea805938f8d6afa97e01, Role: admin
[2026-02-03T14:59:23.220Z] [AUTH] Verifying token for: GET /api/users
[2026-02-03T14:59:23.222Z] [AUTH] Success. User: 6981ea805938f8d6afa97e01, Role: admin
[2026-02-03T14:59:25.706Z] [AUTH] Verifying token for: GET /api/users/6981ea805938f8d6afa97e01
[2026-02-03T14:59:25.708Z] [AUTH] Success. User: 6981ea805938f8d6afa97e01, Role: admin
[2026-02-03T14:59:25.758Z] [AUTH] Verifying token for: GET /api/users/6981ea805938f8d6afa97e01
[2026-02-03T14:59:25.762Z] [AUTH] Success. User: 6981ea805938f8d6afa97e01, Role: admin
[2026-02-03T14:59:26.766Z] [AUTH] Verifying token for: GET /api/auditlogs
[2026-02-03T14:59:26.767Z] [AUTH] Success. User: 6981ea805938f8d6afa97e01, Role: admin
[2026-02-03T14:59:26.846Z] [AUTH] Verifying token for: GET /api/auditlogs
[2026-02-03T14:59:26.848Z] [AUTH] Success. User: 6981ea805938f8d6afa97e01, Role: admin
[2026-02-03T15:00:35.584Z] [AUTH] Verifying token for: GET /api/users/6981ea805938f8d6afa97e01
[2026-02-03T15:00:35.587Z] [AUTH] Success. User: 6981ea805938f8d6afa97e01, Role: admin
[2026-02-03T15:00:35.644Z] [AUTH] Verifying token for: GET /api/users/6981ea805938f8d6afa97e01
[2026-02-03T15:00:35.646Z] [AUTH] Success. User: 6981ea805938f8d6afa97e01, Role: admin
[2026-02-03T15:00:37.638Z] [AUTH] Verifying token for: GET /api/users
[2026-02-03T15:00:37.640Z] [AUTH] Success. User: 6981ea805938f8d6afa97e01, Role: admin
[2026-02-03T15:00:37.731Z] [AUTH] Verifying token for: GET /api/users
[2026-02-03T15:00:37.732Z] [AUTH] Success. User: 6981ea805938f8d6afa97e01, Role: admin
[2026-02-03T15:01:26.803Z] [AUTH] Verifying token for: GET /api/users
[2026-02-03T15:01:26.804Z] [AUTH] Success. User: 69820db3cfa76927ce2c15b0, Role: user
[2026-02-03T15:01:26.890Z] [AUTH] Verifying token for: GET /api/users
[2026-02-03T15:01:26.892Z] [AUTH] Success. User: 69820db3cfa76927ce2c15b0, Role: user
[2026-02-03T15:01:30.558Z] [AUTH] Verifying token for: GET /api/auditlogs
[2026-02-03T15:01:30.560Z] [AUTH] Success. User: 69820db3cfa76927ce2c15b0, Role: user
[2026-02-03T15:01:30.585Z] [AUTH] Verifying token for: GET /api/auditlogs
[2026-02-03T15:01:30.588Z] [AUTH] Success. User: 69820db3cfa76927ce2c15b0, Role: user
[2026-02-03T15:01:31.963Z] [AUTH] Verifying token for: GET /api/users/69820db3cfa76927ce2c15b0
[2026-02-03T15:01:31.964Z] [AUTH] Success. User: 69820db3cfa76927ce2c15b0, Role: user
[2026-02-03T15:01:32.009Z] [AUTH] Verifying token for: GET /api/users/69820db3cfa76927ce2c15b0
[2026-02-03T15:01:32.011Z] [AUTH] Success. User: 69820db3cfa76927ce2c15b0, Role: user
[2026-02-03T15:01:35.102Z] [AUTH] Verifying token for: GET /api/users
[2026-02-03T15:01:35.104Z] [AUTH] Success. User: 69820db3cfa76927ce2c15b0, Role: user
[2026-02-03T15:01:35.180Z] [AUTH] Verifying token for: GET /api/users
[2026-02-03T15:01:35.182Z] [AUTH] Success. User: 69820db3cfa76927ce2c15b0, Role: user
[2026-02-03T15:01:56.303Z] [AUTH] Verifying token for: GET /api/users
[2026-02-03T15:01:56.305Z] [AUTH] Success. User: 6981ea805938f8d6afa97e01, Role: admin
[2026-02-03T15:01:56.398Z] [AUTH] Verifying token for: GET /api/users
[2026-02-03T15:01:56.399Z] [AUTH] Success. User: 6981ea805938f8d6afa97e01, Role: admin
[2026-02-03T15:01:57.848Z] [AUTH] Verifying token for: GET /api/auditlogs
[2026-02-03T15:01:57.850Z] [AUTH] Success. User: 6981ea805938f8d6afa97e01, Role: admin
[2026-02-03T15:01:57.935Z] [AUTH] Verifying token for: GET /api/auditlogs
[2026-02-03T15:01:57.937Z] [AUTH] Success. User: 6981ea805938f8d6afa97e01, Role: admin
[2026-02-03T15:02:31.581Z] [AUTH] Verifying token for: GET /api/users
[2026-02-03T15:02:31.583Z] [AUTH] Success. User: 6981ea805938f8d6afa97e01, Role: admin
[2026-02-03T15:02:31.680Z] [AUTH] Verifying token for: GET /api/users
[2026-02-03T15:02:31.681Z] [AUTH] Success. User: 6981ea805938f8d6afa97e01, Role: admin
[2026-02-03T15:51:24.217Z] [AUTH] Verifying token for: GET /api/auditlogs
[2026-02-03T15:51:24.225Z] [AUTH] Success. User: 6981ea805938f8d6afa97e01, Role: admin
[2026-02-03T15:51:24.359Z] [AUTH] Verifying token for: GET /api/auditlogs
[2026-02-03T15:51:24.361Z] [AUTH] Success. User: 6981ea805938f8d6afa97e01, Role: admin
[2026-02-03T15:51:25.090Z] [AUTH] Verifying token for: GET /api/users/6981ea805938f8d6afa97e01
[2026-02-03T15:51:25.092Z] [AUTH] Success. User: 6981ea805938f8d6afa97e01, Role: admin
[2026-02-03T15:51:25.186Z] [AUTH] Verifying token for: GET /api/users/6981ea805938f8d6afa97e01
[2026-02-03T15:51:25.188Z] [AUTH] Success. User: 6981ea805938f8d6afa97e01, Role: admin
[2026-02-03T15:53:39.920Z] [AUTH] Verifying token for: GET /api/users
[2026-02-03T15:53:39.922Z] [AUTH] Success. User: 6981ea805938f8d6afa97e01, Role: admin
[2026-02-03T15:53:40.015Z] [AUTH] Verifying token for: GET /api/users
[2026-02-03T15:53:40.017Z] [AUTH] Success. User: 6981ea805938f8d6afa97e01, Role: admin
[2026-02-03T15:56:32.420Z] [AUTH] Verifying token for: GET /api/auditlogs
[2026-02-03T15:56:32.422Z] [AUTH] Success. User: 6981ea805938f8d6afa97e01, Role: admin
[2026-02-03T15:56:32.514Z] [AUTH] Verifying token for: GET /api/auditlogs
[2026-02-03T15:56:32.516Z] [AUTH] Success. User: 6981ea805938f8d6afa97e01, Role: admin
[2026-02-03T16:18:23.036Z] [AUTH] Verifying token for: GET /api/users/stats
[2026-02-03T16:18:23.042Z] [AUTH] Success. User: 6981ea805938f8d6afa97e01, Role: admin
[2026-02-03T16:18:23.055Z] [AUTH] Verifying token for: GET /api/users
[2026-02-03T16:18:23.057Z] [AUTH] Success. User: 6981ea805938f8d6afa97e01, Role: admin
[2026-02-03T16:18:33.034Z] [AUTH] Verifying token for: GET /api/auditlogs
[2026-02-03T16:18:33.036Z] [AUTH] Success. User: 6981ea805938f8d6afa97e01, Role: admin
[2026-02-03T16:18:33.167Z] [AUTH] Verifying token for: GET /api/auditlogs
[2026-02-03T16:18:33.169Z] [AUTH] Success. User: 6981ea805938f8d6afa97e01, Role: admin
[2026-02-03T16:18:40.464Z] [AUTH] Verifying token for: GET /api/users
[2026-02-03T16:18:40.466Z] [AUTH] Success. User: 6981ea805938f8d6afa97e01, Role: admin
[2026-02-03T16:18:40.468Z] [AUTH] Verifying token for: GET /api/users/stats
[2026-02-03T16:18:40.469Z] [AUTH] Success. User: 6981ea805938f8d6afa97e01, Role: admin
[2026-02-03T16:18:40.553Z] [AUTH] Verifying token for: GET /api/users/stats
[2026-02-03T16:18:40.554Z] [AUTH] Success. User: 6981ea805938f8d6afa97e01, Role: admin
[2026-02-03T16:18:40.623Z] [AUTH] Verifying token for: GET /api/users
[2026-02-03T16:18:40.625Z] [AUTH] Success. User: 6981ea805938f8d6afa97e01, Role: admin
[2026-02-03T16:18:48.093Z] [AUTH] Verifying token for: DELETE /api/users/69820d4bcfa76927ce2c1599
[2026-02-03T16:18:48.095Z] [AUTH] Success. User: 6981ea805938f8d6afa97e01, Role: admin
[2026-02-03T16:18:48.096Z] [DELETE USER] Request received for ID: 69820d4bcfa76927ce2c1599
[2026-02-03T16:18:48.097Z] [DELETE USER] Admin ID: 6981ea805938f8d6afa97e01, Role: admin
[2026-02-03T16:18:48.164Z] [DELETE USER] User deleted from DB. Creating AuditLog...
[2026-02-03T16:18:48.242Z] [DELETE USER] AuditLog created successfully.
[2026-02-03T16:18:48.242Z] [DELETE USER] Success - Sending 200
[2026-02-03T16:18:50.356Z] [AUTH] Verifying token for: GET /api/users/6981ea805938f8d6afa97e01
[2026-02-03T16:18:50.358Z] [AUTH] Success. User: 6981ea805938f8d6afa97e01, Role: admin
[2026-02-03T16:18:50.443Z] [AUTH] Verifying token for: GET /api/users/6981ea805938f8d6afa97e01
[2026-02-03T16:18:50.445Z] [AUTH] Success. User: 6981ea805938f8d6afa97e01, Role: admin
[2026-02-03T16:18:51.476Z] [AUTH] Verifying token for: GET /api/auditlogs
[2026-02-03T16:18:51.478Z] [AUTH] Success. User: 6981ea805938f8d6afa97e01, Role: admin
[2026-02-03T16:18:51.625Z] [AUTH] Verifying token for: GET /api/auditlogs
[2026-02-03T16:18:51.626Z] [AUTH] Success. User: 6981ea805938f8d6afa97e01, Role: admin
[2026-02-03T16:18:54.722Z] [AUTH] Verifying token for: GET /api/users/6981ea805938f8d6afa97e01
[2026-02-03T16:18:54.724Z] [AUTH] Success. User: 6981ea805938f8d6afa97e01, Role: admin
[2026-02-03T16:18:54.829Z] [AUTH] Verifying token for: GET /api/users/6981ea805938f8d6afa97e01
[2026-02-03T16:18:54.831Z] [AUTH] Success. User: 6981ea805938f8d6afa97e01, Role: admin
[2026-02-03T16:18:55.799Z] [AUTH] Verifying token for: GET /api/users/stats
[2026-02-03T16:18:55.801Z] [AUTH] Success. User: 6981ea805938f8d6afa97e01, Role: admin
[2026-02-03T16:18:55.814Z] [AUTH] Verifying token for: GET /api/users
[2026-02-03T16:18:55.815Z] [AUTH] Success. User: 6981ea805938f8d6afa97e01, Role: admin
[2026-02-03T16:18:55.946Z] [AUTH] Verifying token for: GET /api/users
[2026-02-03T16:18:55.948Z] [AUTH] Success. User: 6981ea805938f8d6afa97e01, Role: admin
[2026-02-03T16:18:55.961Z] [AUTH] Verifying token for: GET /api/users/stats
[2026-02-03T16:18:55.963Z] [AUTH] Success. User: 6981ea805938f8d6afa97e01, Role: admin
[2026-02-03T16:18:56.271Z] [AUTH] Verifying token for: GET /api/auditlogs
[2026-02-03T16:18:56.274Z] [AUTH] Success. User: 6981ea805938f8d6afa97e01, Role: admin
[2026-02-03T16:18:56.444Z] [AUTH] Verifying token for: GET /api/auditlogs
[2026-02-03T16:18:56.446Z] [AUTH] Success. User: 6981ea805938f8d6afa97e01, Role: admin
[2026-02-03T16:18:56.820Z] [AUTH] Verifying token for: GET /api/users/6981ea805938f8d6afa97e01
[2026-02-03T16:18:56.823Z] [AUTH] Success. User: 6981ea805938f8d6afa97e01, Role: admin
[2026-02-03T16:18:56.906Z] [AUTH] Verifying token for: GET /api/users/6981ea805938f8d6afa97e01
[2026-02-03T16:18:56.908Z] [AUTH] Success. User: 6981ea805938f8d6afa97e01, Role: admin
[2026-02-03T16:18:58.933Z] [AUTH] Verifying token for: GET /api/auditlogs
[2026-02-03T16:18:58.935Z] [AUTH] Success. User: 6981ea805938f8d6afa97e01, Role: admin
[2026-02-03T16:18:59.080Z] [AUTH] Verifying token for: GET /api/auditlogs
[2026-02-03T16:18:59.082Z] [AUTH] Success. User: 6981ea805938f8d6afa97e01, Role: admin
[2026-02-03T16:18:59.619Z] [AUTH] Verifying token for: GET /api/users
[2026-02-03T16:18:59.621Z] [AUTH] Success. User: 6981ea805938f8d6afa97e01, Role: admin
[2026-02-03T16:18:59.624Z] [AUTH] Verifying token for: GET /api/users/stats
[2026-02-03T16:18:59.625Z] [AUTH] Success. User: 6981ea805938f8d6afa97e01, Role: admin
[2026-02-03T16:18:59.708Z] [AUTH] Verifying token for: GET /api/users/stats
[2026-02-03T16:18:59.710Z] [AUTH] Success. User: 6981ea805938f8d6afa97e01, Role: admin
[2026-02-03T16:18:59.782Z] [AUTH] Verifying token for: GET /api/users
[2026-02-03T16:18:59.784Z] [AUTH] Success. User: 6981ea805938f8d6afa97e01, Role: admin
[2026-02-03T16:19:01.031Z] [AUTH] Verifying token for: GET /api/users/6981ea805938f8d6afa97e01
[2026-02-03T16:19:01.033Z] [AUTH] Success. User: 6981ea805938f8d6afa97e01, Role: admin
[2026-02-03T16:19:01.125Z] [AUTH] Verifying token for: GET /api/users/6981ea805938f8d6afa97e01
[2026-02-03T16:19:01.127Z] [AUTH] Success. User: 6981ea805938f8d6afa97e01, Role: admin
[2026-02-03T16:19:02.587Z] [AUTH] Verifying token for: GET /api/auditlogs
[2026-02-03T16:19:02.589Z] [AUTH] Success. User: 6981ea805938f8d6afa97e01, Role: admin
[2026-02-03T16:19:02.735Z] [AUTH] Verifying token for: GET /api/auditlogs
[2026-02-03T16:19:02.736Z] [AUTH] Success. User: 6981ea805938f8d6afa97e01, Role: admin
[2026-02-03T16:19:03.691Z] [AUTH] Verifying token for: GET /api/users/6981ea805938f8d6afa97e01
[2026-02-03T16:19:03.693Z] [AUTH] Success. User: 6981ea805938f8d6afa97e01, Role: admin
[2026-02-03T16:19:03.773Z] [AUTH] Verifying token for: GET /api/users/6981ea805938f8d6afa97e01
[2026-02-03T16:19:03.775Z] [AUTH] Success. User: 6981ea805938f8d6afa97e01, Role: admin
[2026-02-03T16:19:05.792Z] [AUTH] Verifying token for: GET /api/users
[2026-02-03T16:19:05.794Z] [AUTH] Success. User: 6981ea805938f8d6afa97e01, Role: admin
[2026-02-03T16:19:05.800Z] [AUTH] Verifying token for: GET /api/users/stats
[2026-02-03T16:19:05.802Z] [AUTH] Success. User: 6981ea805938f8d6afa97e01, Role: admin
[2026-02-03T16:19:05.891Z] [AUTH] Verifying token for: GET /api/users/stats
[2026-02-03T16:19:05.893Z] [AUTH] Success. User: 6981ea805938f8d6afa97e01, Role: admin
[2026-02-03T16:19:05.960Z] [AUTH] Verifying token for: GET /api/users
[2026-02-03T16:19:05.961Z] [AUTH] Success. User: 6981ea805938f8d6afa97e01, Role: admin
[2026-02-03T16:19:08.632Z] [AUTH] Verifying token for: GET /api/auditlogs
[2026-02-03T16:19:08.633Z] [AUTH] Success. User: 6981ea805938f8d6afa97e01, Role: admin
[2026-02-03T16:19:08.778Z] [AUTH] Verifying token for: GET /api/auditlogs
[2026-02-03T16:19:08.779Z] [AUTH] Success. User: 6981ea805938f8d6afa97e01, Role: admin
[2026-02-03T16:19:09.289Z] [AUTH] Verifying token for: GET /api/users/6981ea805938f8d6afa97e01
[2026-02-03T16:19:09.291Z] [AUTH] Success. User: 6981ea805938f8d6afa97e01, Role: admin
[2026-02-03T16:19:09.384Z] [AUTH] Verifying token for: GET /api/users/6981ea805938f8d6afa97e01
[2026-02-03T16:19:09.386Z] [AUTH] Success. User: 6981ea805938f8d6afa97e01, Role: admin
[2026-02-03T16:19:10.076Z] [AUTH] Verifying token for: GET /api/users
[2026-02-03T16:19:10.078Z] [AUTH] Success. User: 6981ea805938f8d6afa97e01, Role: admin
[2026-02-03T16:19:10.080Z] [AUTH] Verifying token for: GET /api/users/stats
[2026-02-03T16:19:10.081Z] [AUTH] Success. User: 6981ea805938f8d6afa97e01, Role: admin
[2026-02-03T16:19:10.163Z] [AUTH] Verifying token for: GET /api/users/stats
[2026-02-03T16:19:10.164Z] [AUTH] Success. User: 6981ea805938f8d6afa97e01, Role: admin
[2026-02-03T16:19:10.228Z] [AUTH] Verifying token for: GET /api/users
[2026-02-03T16:19:10.230Z] [AUTH] Success. User: 6981ea805938f8d6afa97e01, Role: admin
